{
  "RSpec": {
    "coverage": {
      "/Users/alycit/Projects/la-kata-del-banco-ocr/lib/ocr.rb": [
        1,
        null,
        1,
        null,
        1,
        10,
        50,
        10,
        40,
        90,
        null,
        null,
        10,
        null,
        null,
        1,
        1,
        30,
        30,
        270,
        null,
        30,
        null,
        null
      ],
      "/Users/alycit/Projects/la-kata-del-banco-ocr/lib/conversion_constants.rb": [
        1,
        1,
        null,
        null,
        null,
        1,
        null,
        null,
        null,
        1,
        null,
        null,
        null,
        1,
        null,
        null,
        null,
        1,
        null,
        null,
        null,
        1,
        null,
        null,
        null,
        1,
        null,
        null,
        null,
        1,
        null,
        null,
        null,
        1,
        null,
        null,
        null,
        1,
        null,
        null,
        null,
        1,
        null,
        null,
        null,
        null,
        null,
        null,
        null,
        null,
        null,
        null,
        null,
        null
      ]
    },
    "timestamp": 1342565692
  }
}
