{
  "RSpec": {
    "coverage": {
      "/Users/alycit/Projects/la-kata-del-banco-ocr/lib/account_number.rb": [
        null,
        null,
        null,
        null,
        null,
        1,
        null,
        1,
        null,
        1,
        null,
        1,
        null,
        1,
        1,
        null,
        1,
        33,
        null,
        null,
        1,
        21,
        84,
        189,
        null,
        21,
        null,
        null,
        1,
        12,
        null,
        null,
        1,
        null,
        1,
        63,
        567,
        null,
        null,
        null,
        1,
        120,
        120,
        108,
        null,
        null
      ],
      "/Users/alycit/Projects/la-kata-del-banco-ocr/lib/conversion_constants.rb": [
        1,
        1,
        null,
        null,
        null,
        1,
        null,
        null,
        null,
        1,
        null,
        null,
        null,
        1,
        null,
        null,
        null,
        1,
        null,
        null,
        null,
        1,
        null,
        null,
        null,
        1,
        null,
        null,
        null,
        1,
        null,
        null,
        null,
        1,
        null,
        null,
        null,
        1,
        null,
        null,
        null,
        1,
        null,
        null,
        null,
        null,
        null,
        null,
        null,
        null,
        null,
        null,
        null,
        null
      ],
      "/Users/alycit/Projects/la-kata-del-banco-ocr/spec/ocr_spec.rb": [
        1,
        1,
        null,
        1,
        null,
        1,
        1,
        null,
        null,
        1,
        1,
        null,
        null,
        1,
        1,
        null,
        null,
        1,
        1,
        null,
        null,
        1,
        1,
        null,
        null,
        1,
        1,
        null,
        null,
        1,
        1,
        null,
        null,
        1,
        1,
        null,
        null,
        1,
        1,
        null,
        null,
        1,
        1,
        null,
        null,
        1,
        null,
        null,
        null,
        null,
        null,
        null,
        null,
        null,
        null,
        null,
        1,
        null,
        null,
        null,
        null
      ],
      "/Users/alycit/Projects/la-kata-del-banco-ocr/lib/ocr.rb": [
        null,
        null,
        null,
        null,
        null,
        1,
        null,
        1,
        11,
        null,
        null,
        1,
        95,
        21,
        null,
        11,
        null,
        null
      ]
    },
    "timestamp": 1343095922
  }
}
